<?xml version="1.0" encoding="UTF-8"?>
<!-- Generated by org.testng.reporters.JUnitReportReporter -->
<testsuite hostname="DESKTOP-14E9C6J" failures="0" tests="2" name="assignment.TestNGColor" time="18.012" errors="0" timestamp="2025-05-13T21:38:30 IST" skipped="0">
  <testcase classname="assignment.TestNGColor" name="verifyText" time="6.752"/>
  <testcase classname="assignment.TestNGColor" name="verifyFirstAlertColor" time="11.260"/>
</testsuite> <!-- assignment.TestNGColor -->
