<?xml version="1.0" encoding="UTF-8"?>
<!-- Generated by org.testng.reporters.JUnitReportReporter -->
<testsuite hostname="DESKTOP-14E9C6J" failures="0" tests="2" name="assignment.DataProvider" time="30.216" errors="0" timestamp="2025-05-12T12:01:18 IST" skipped="0">
  <testcase classname="assignment.DataProvider" name="verifyCredentialsInputTab" time="15.148"/>
  <testcase classname="assignment.DataProvider" name="verifyCredentialsInputTab" time="15.068"/>
</testsuite> <!-- assignment.DataProvider -->
