<?xml version="1.0" encoding="UTF-8"?>
<!-- Generated by org.testng.reporters.JUnitReportReporter -->
<testsuite hostname="DESKTOP-14E9C6J" failures="0" tests="2" name="assignment.TestNG2" time="19.843" errors="0" timestamp="2025-05-13T21:36:04 IST" skipped="0">
  <testcase classname="assignment.TestNG2" name="verifyCheckboxoneEnabled" time="15.487"/>
  <testcase classname="assignment.TestNG2" name="verifyCheckboxSelected" time="4.356"/>
</testsuite> <!-- assignment.TestNG2 -->
