<?xml version="1.0" encoding="UTF-8"?>
<!-- Generated by org.testng.reporters.JUnitReportReporter -->
<testsuite hostname="DESKTOP-14E9C6J" failures="0" tests="3" name="testNgProject.DataProviderEx" time="113.196" errors="0" timestamp="2025-05-12T19:59:14 IST" skipped="0">
  <testcase classname="testNgProject.DataProviderEx" name="verifySearch" time="43.585"/>
  <testcase classname="testNgProject.DataProviderEx" name="verifySearch" time="36.338"/>
  <testcase classname="testNgProject.DataProviderEx" name="verifySearch" time="33.273"/>
</testsuite> <!-- testNgProject.DataProviderEx -->
